Searching for include files...
Searching for example files...
Searching for images...
Searching for dot files...
Searching for msc files...
Searching for dia files...
Searching for files to exclude
Searching for files to process...
Searching for files in directory /home/b.le-bihan/BackUpBox/PhD/OOFTDA/src
Searching for files in directory /home/b.le-bihan/BackUpBox/PhD/OOFTDA/include
Searching for files in directory /home/b.le-bihan/BackUpBox/PhD/OOFTDA/test
Reading formula repository...
Reading and parsing tag files
Parsing files
Preprocessing /home/b.le-bihan/BackUpBox/PhD/OOFTDA/main.cpp...
Parsing file /home/b.le-bihan/BackUpBox/PhD/OOFTDA/main.cpp...
Preprocessing /home/b.le-bihan/BackUpBox/PhD/OOFTDA/src/algvec.tpp...
Parsing file /home/b.le-bihan/BackUpBox/PhD/OOFTDA/src/algvec.tpp...
Preprocessing /home/b.le-bihan/BackUpBox/PhD/OOFTDA/src/coc.cpp...
Parsing file /home/b.le-bihan/BackUpBox/PhD/OOFTDA/src/coc.cpp...
Preprocessing /home/b.le-bihan/BackUpBox/PhD/OOFTDA/src/Config.cpp...
Parsing file /home/b.le-bihan/BackUpBox/PhD/OOFTDA/src/Config.cpp...
Preprocessing /home/b.le-bihan/BackUpBox/PhD/OOFTDA/src/Constants.cpp...
Parsing file /home/b.le-bihan/BackUpBox/PhD/OOFTDA/src/Constants.cpp...
Preprocessing /home/b.le-bihan/BackUpBox/PhD/OOFTDA/src/cop.cpp...
Parsing file /home/b.le-bihan/BackUpBox/PhD/OOFTDA/src/cop.cpp...
Preprocessing /home/b.le-bihan/BackUpBox/PhD/OOFTDA/src/define_env.cpp...
Parsing file /home/b.le-bihan/BackUpBox/PhD/OOFTDA/src/define_env.cpp...
Preprocessing /home/b.le-bihan/BackUpBox/PhD/OOFTDA/src/diffcorr.cpp...
Parsing file /home/b.le-bihan/BackUpBox/PhD/OOFTDA/src/diffcorr.cpp...
Preprocessing /home/b.le-bihan/BackUpBox/PhD/OOFTDA/src/eminsem.cpp...
Parsing file /home/b.le-bihan/BackUpBox/PhD/OOFTDA/src/eminsem.cpp...
Preprocessing /home/b.le-bihan/BackUpBox/PhD/OOFTDA/src/ertbp.cpp...
Parsing file /home/b.le-bihan/BackUpBox/PhD/OOFTDA/src/ertbp.cpp...
Preprocessing /home/b.le-bihan/BackUpBox/PhD/OOFTDA/src/ftda.cpp...
Parsing file /home/b.le-bihan/BackUpBox/PhD/OOFTDA/src/ftda.cpp...
Preprocessing /home/b.le-bihan/BackUpBox/PhD/OOFTDA/src/ftsh.cpp...
Parsing file /home/b.le-bihan/BackUpBox/PhD/OOFTDA/src/ftsh.cpp...
Preprocessing /home/b.le-bihan/BackUpBox/PhD/OOFTDA/src/ga.cpp...
Parsing file /home/b.le-bihan/BackUpBox/PhD/OOFTDA/src/ga.cpp...
Preprocessing /home/b.le-bihan/BackUpBox/PhD/OOFTDA/src/gnuplot_i.c...
Parsing file /home/b.le-bihan/BackUpBox/PhD/OOFTDA/src/gnuplot_i.c...
Preprocessing /home/b.le-bihan/BackUpBox/PhD/OOFTDA/src/gslc.cpp...
Parsing file /home/b.le-bihan/BackUpBox/PhD/OOFTDA/src/gslc.cpp...
Preprocessing /home/b.le-bihan/BackUpBox/PhD/OOFTDA/src/init.cpp...
Parsing file /home/b.le-bihan/BackUpBox/PhD/OOFTDA/src/init.cpp...
Preprocessing /home/b.le-bihan/BackUpBox/PhD/OOFTDA/src/lpdyneq.cpp...
Parsing file /home/b.le-bihan/BackUpBox/PhD/OOFTDA/src/lpdyneq.cpp...
Preprocessing /home/b.le-bihan/BackUpBox/PhD/OOFTDA/src/matrix.tpp...
Parsing file /home/b.le-bihan/BackUpBox/PhD/OOFTDA/src/matrix.tpp...
Preprocessing /home/b.le-bihan/BackUpBox/PhD/OOFTDA/src/multimin.c...
Parsing file /home/b.le-bihan/BackUpBox/PhD/OOFTDA/src/multimin.c...
Preprocessing /home/b.le-bihan/BackUpBox/PhD/OOFTDA/src/multimin_test.cpp...
Parsing file /home/b.le-bihan/BackUpBox/PhD/OOFTDA/src/multimin_test.cpp...
Preprocessing /home/b.le-bihan/BackUpBox/PhD/OOFTDA/src/nfo2.cpp...
Parsing file /home/b.le-bihan/BackUpBox/PhD/OOFTDA/src/nfo2.cpp...
Preprocessing /home/b.le-bihan/BackUpBox/PhD/OOFTDA/src/nrutil.c...
Parsing file /home/b.le-bihan/BackUpBox/PhD/OOFTDA/src/nrutil.c...
Preprocessing /home/b.le-bihan/BackUpBox/PhD/OOFTDA/src/ode.cpp...
Parsing file /home/b.le-bihan/BackUpBox/PhD/OOFTDA/src/ode.cpp...
Preprocessing /home/b.le-bihan/BackUpBox/PhD/OOFTDA/src/odezero.cpp...
Parsing file /home/b.le-bihan/BackUpBox/PhD/OOFTDA/src/odezero.cpp...
Preprocessing /home/b.le-bihan/BackUpBox/PhD/OOFTDA/src/ofs.tpp...
Parsing file /home/b.le-bihan/BackUpBox/PhD/OOFTDA/src/ofs.tpp...
Preprocessing /home/b.le-bihan/BackUpBox/PhD/OOFTDA/src/ofts.tpp...
Parsing file /home/b.le-bihan/BackUpBox/PhD/OOFTDA/src/ofts.tpp...
Preprocessing /home/b.le-bihan/BackUpBox/PhD/OOFTDA/src/oftsh.tpp...
Parsing file /home/b.le-bihan/BackUpBox/PhD/OOFTDA/src/oftsh.tpp...
Preprocessing /home/b.le-bihan/BackUpBox/PhD/OOFTDA/src/ots.tpp...
Parsing file /home/b.le-bihan/BackUpBox/PhD/OOFTDA/src/ots.tpp...
Preprocessing /home/b.le-bihan/BackUpBox/PhD/OOFTDA/src/otsh.tpp...
Parsing file /home/b.le-bihan/BackUpBox/PhD/OOFTDA/src/otsh.tpp...
Preprocessing /home/b.le-bihan/BackUpBox/PhD/OOFTDA/src/parameters.cpp...
Parsing file /home/b.le-bihan/BackUpBox/PhD/OOFTDA/src/parameters.cpp...
Preprocessing /home/b.le-bihan/BackUpBox/PhD/OOFTDA/src/pm.cpp...
Parsing file /home/b.le-bihan/BackUpBox/PhD/OOFTDA/src/pm.cpp...
Preprocessing /home/b.le-bihan/BackUpBox/PhD/OOFTDA/src/pmcoc.cpp...
Parsing file /home/b.le-bihan/BackUpBox/PhD/OOFTDA/src/pmcoc.cpp...
Preprocessing /home/b.le-bihan/BackUpBox/PhD/OOFTDA/src/pmode.cpp...
Parsing file /home/b.le-bihan/BackUpBox/PhD/OOFTDA/src/pmode.cpp...
Preprocessing /home/b.le-bihan/BackUpBox/PhD/OOFTDA/src/pmt.cpp...
Parsing file /home/b.le-bihan/BackUpBox/PhD/OOFTDA/src/pmt.cpp...
Preprocessing /home/b.le-bihan/BackUpBox/PhD/OOFTDA/src/poincare.cpp...
Parsing file /home/b.le-bihan/BackUpBox/PhD/OOFTDA/src/poincare.cpp...
Preprocessing /home/b.le-bihan/BackUpBox/PhD/OOFTDA/src/qbcp.cpp...
Parsing file /home/b.le-bihan/BackUpBox/PhD/OOFTDA/src/qbcp.cpp...
Preprocessing /home/b.le-bihan/BackUpBox/PhD/OOFTDA/src/qbtbp.cpp...
Parsing file /home/b.le-bihan/BackUpBox/PhD/OOFTDA/src/qbtbp.cpp...
Preprocessing /home/b.le-bihan/BackUpBox/PhD/OOFTDA/src/tests.cpp...
Parsing file /home/b.le-bihan/BackUpBox/PhD/OOFTDA/src/tests.cpp...
Preprocessing /home/b.le-bihan/BackUpBox/PhD/OOFTDA/src/timec.cpp...
Parsing file /home/b.le-bihan/BackUpBox/PhD/OOFTDA/src/timec.cpp...
Preprocessing /home/b.le-bihan/BackUpBox/PhD/OOFTDA/src/trajectory.cpp...
Parsing file /home/b.le-bihan/BackUpBox/PhD/OOFTDA/src/trajectory.cpp...
Preprocessing /home/b.le-bihan/BackUpBox/PhD/OOFTDA/include/algvec.h...
Parsing file /home/b.le-bihan/BackUpBox/PhD/OOFTDA/include/algvec.h...
Preprocessing /home/b.le-bihan/BackUpBox/PhD/OOFTDA/include/coc.h...
Parsing file /home/b.le-bihan/BackUpBox/PhD/OOFTDA/include/coc.h...
Preprocessing /home/b.le-bihan/BackUpBox/PhD/OOFTDA/include/Config.h...
Parsing file /home/b.le-bihan/BackUpBox/PhD/OOFTDA/include/Config.h...
Preprocessing /home/b.le-bihan/BackUpBox/PhD/OOFTDA/include/Constants.h...
Parsing file /home/b.le-bihan/BackUpBox/PhD/OOFTDA/include/Constants.h...
Preprocessing /home/b.le-bihan/BackUpBox/PhD/OOFTDA/include/define_env.h...
Parsing file /home/b.le-bihan/BackUpBox/PhD/OOFTDA/include/define_env.h...
Preprocessing /home/b.le-bihan/BackUpBox/PhD/OOFTDA/include/diffcorr.h...
Parsing file /home/b.le-bihan/BackUpBox/PhD/OOFTDA/include/diffcorr.h...
Preprocessing /home/b.le-bihan/BackUpBox/PhD/OOFTDA/include/eminsem.h...
Parsing file /home/b.le-bihan/BackUpBox/PhD/OOFTDA/include/eminsem.h...
Preprocessing /home/b.le-bihan/BackUpBox/PhD/OOFTDA/include/ertbp.h...
Parsing file /home/b.le-bihan/BackUpBox/PhD/OOFTDA/include/ertbp.h...
Preprocessing /home/b.le-bihan/BackUpBox/PhD/OOFTDA/include/ftda.h...
Parsing file /home/b.le-bihan/BackUpBox/PhD/OOFTDA/include/ftda.h...
Preprocessing /home/b.le-bihan/BackUpBox/PhD/OOFTDA/include/gnuplot_i.h...
Parsing file /home/b.le-bihan/BackUpBox/PhD/OOFTDA/include/gnuplot_i.h...
Preprocessing /home/b.le-bihan/BackUpBox/PhD/OOFTDA/include/gslc.h...
Parsing file /home/b.le-bihan/BackUpBox/PhD/OOFTDA/include/gslc.h...
Preprocessing /home/b.le-bihan/BackUpBox/PhD/OOFTDA/include/init.h...
Parsing file /home/b.le-bihan/BackUpBox/PhD/OOFTDA/include/init.h...
Preprocessing /home/b.le-bihan/BackUpBox/PhD/OOFTDA/include/lpdyneq.h...
Parsing file /home/b.le-bihan/BackUpBox/PhD/OOFTDA/include/lpdyneq.h...
Preprocessing /home/b.le-bihan/BackUpBox/PhD/OOFTDA/include/matrix.h...
Parsing file /home/b.le-bihan/BackUpBox/PhD/OOFTDA/include/matrix.h...
Preprocessing /home/b.le-bihan/BackUpBox/PhD/OOFTDA/include/multimin.h...
Parsing file /home/b.le-bihan/BackUpBox/PhD/OOFTDA/include/multimin.h...
Preprocessing /home/b.le-bihan/BackUpBox/PhD/OOFTDA/include/multimin_test.h...
Parsing file /home/b.le-bihan/BackUpBox/PhD/OOFTDA/include/multimin_test.h...
Preprocessing /home/b.le-bihan/BackUpBox/PhD/OOFTDA/include/nfo2.h...
Parsing file /home/b.le-bihan/BackUpBox/PhD/OOFTDA/include/nfo2.h...
Preprocessing /home/b.le-bihan/BackUpBox/PhD/OOFTDA/include/nrutil.h...
Parsing file /home/b.le-bihan/BackUpBox/PhD/OOFTDA/include/nrutil.h...
Preprocessing /home/b.le-bihan/BackUpBox/PhD/OOFTDA/include/ode.h...
Parsing file /home/b.le-bihan/BackUpBox/PhD/OOFTDA/include/ode.h...
Preprocessing /home/b.le-bihan/BackUpBox/PhD/OOFTDA/include/odezero.h...
Parsing file /home/b.le-bihan/BackUpBox/PhD/OOFTDA/include/odezero.h...
Preprocessing /home/b.le-bihan/BackUpBox/PhD/OOFTDA/include/ofs.h...
Parsing file /home/b.le-bihan/BackUpBox/PhD/OOFTDA/include/ofs.h...
Preprocessing /home/b.le-bihan/BackUpBox/PhD/OOFTDA/include/ofts.h...
Parsing file /home/b.le-bihan/BackUpBox/PhD/OOFTDA/include/ofts.h...
Preprocessing /home/b.le-bihan/BackUpBox/PhD/OOFTDA/include/oftsh.h...
Parsing file /home/b.le-bihan/BackUpBox/PhD/OOFTDA/include/oftsh.h...
Preprocessing /home/b.le-bihan/BackUpBox/PhD/OOFTDA/include/ots.h...
Parsing file /home/b.le-bihan/BackUpBox/PhD/OOFTDA/include/ots.h...
Preprocessing /home/b.le-bihan/BackUpBox/PhD/OOFTDA/include/otsh.cpp...
Parsing file /home/b.le-bihan/BackUpBox/PhD/OOFTDA/include/otsh.cpp...
Preprocessing /home/b.le-bihan/BackUpBox/PhD/OOFTDA/include/otsh.h...
Parsing file /home/b.le-bihan/BackUpBox/PhD/OOFTDA/include/otsh.h...
Preprocessing /home/b.le-bihan/BackUpBox/PhD/OOFTDA/include/parameters.h...
Parsing file /home/b.le-bihan/BackUpBox/PhD/OOFTDA/include/parameters.h...
Preprocessing /home/b.le-bihan/BackUpBox/PhD/OOFTDA/include/pm.h...
Parsing file /home/b.le-bihan/BackUpBox/PhD/OOFTDA/include/pm.h...
Preprocessing /home/b.le-bihan/BackUpBox/PhD/OOFTDA/include/pmcoc.h...
Parsing file /home/b.le-bihan/BackUpBox/PhD/OOFTDA/include/pmcoc.h...
Preprocessing /home/b.le-bihan/BackUpBox/PhD/OOFTDA/include/pmode.h...
Parsing file /home/b.le-bihan/BackUpBox/PhD/OOFTDA/include/pmode.h...
Preprocessing /home/b.le-bihan/BackUpBox/PhD/OOFTDA/include/pmt.h...
Parsing file /home/b.le-bihan/BackUpBox/PhD/OOFTDA/include/pmt.h...
Preprocessing /home/b.le-bihan/BackUpBox/PhD/OOFTDA/include/poincare.h...
Parsing file /home/b.le-bihan/BackUpBox/PhD/OOFTDA/include/poincare.h...
Preprocessing /home/b.le-bihan/BackUpBox/PhD/OOFTDA/include/qbcp.h...
Parsing file /home/b.le-bihan/BackUpBox/PhD/OOFTDA/include/qbcp.h...
Preprocessing /home/b.le-bihan/BackUpBox/PhD/OOFTDA/include/qbtbp.h...
Parsing file /home/b.le-bihan/BackUpBox/PhD/OOFTDA/include/qbtbp.h...
Preprocessing /home/b.le-bihan/BackUpBox/PhD/OOFTDA/include/qbtbp_ots.h...
Parsing file /home/b.le-bihan/BackUpBox/PhD/OOFTDA/include/qbtbp_ots.h...
Preprocessing /home/b.le-bihan/BackUpBox/PhD/OOFTDA/include/tests.h...
Parsing file /home/b.le-bihan/BackUpBox/PhD/OOFTDA/include/tests.h...
Preprocessing /home/b.le-bihan/BackUpBox/PhD/OOFTDA/include/tfs.h...
Parsing file /home/b.le-bihan/BackUpBox/PhD/OOFTDA/include/tfs.h...
Preprocessing /home/b.le-bihan/BackUpBox/PhD/OOFTDA/include/timec.h...
Parsing file /home/b.le-bihan/BackUpBox/PhD/OOFTDA/include/timec.h...
Preprocessing /home/b.le-bihan/BackUpBox/PhD/OOFTDA/include/trajectory.h...
Parsing file /home/b.le-bihan/BackUpBox/PhD/OOFTDA/include/trajectory.h...
Preprocessing /home/b.le-bihan/BackUpBox/PhD/OOFTDA/test/ofs_test.cpp...
Parsing file /home/b.le-bihan/BackUpBox/PhD/OOFTDA/test/ofs_test.cpp...
Preprocessing /home/b.le-bihan/BackUpBox/PhD/OOFTDA/test/ofs_test.h...
Parsing file /home/b.le-bihan/BackUpBox/PhD/OOFTDA/test/ofs_test.h...
Preprocessing /home/b.le-bihan/BackUpBox/PhD/OOFTDA/test/ofts_test.cpp...
Parsing file /home/b.le-bihan/BackUpBox/PhD/OOFTDA/test/ofts_test.cpp...
Preprocessing /home/b.le-bihan/BackUpBox/PhD/OOFTDA/test/ofts_test.h...
Parsing file /home/b.le-bihan/BackUpBox/PhD/OOFTDA/test/ofts_test.h...
Preprocessing /home/b.le-bihan/BackUpBox/PhD/OOFTDA/test/oftsh_test.cpp...
Parsing file /home/b.le-bihan/BackUpBox/PhD/OOFTDA/test/oftsh_test.cpp...
Preprocessing /home/b.le-bihan/BackUpBox/PhD/OOFTDA/test/oftsh_test.h...
Parsing file /home/b.le-bihan/BackUpBox/PhD/OOFTDA/test/oftsh_test.h...
Building group list...
Building directory list...
Building namespace list...
Building file list...
Building class list...
Associating documentation with classes...
Computing nesting relations for classes...
Building example list...
Searching for enumerations...
Searching for documented typedefs...
Searching for members imported via using declarations...
Searching for included using directives...
Searching for documented variables...
Building interface member list...
Building member list...
Searching for friends...
Searching for documented defines...
Computing class inheritance relations...
Computing class usage relations...
Flushing cached template relations that have become invalid...
Creating members for template instances...
Computing class relations...
Add enum values to enums...
Searching for member function documentation...
Building page list...
Search for main page...
Computing page relations...
Determining the scope of groups...
Sorting lists...
Freeing entry tree
Determining which enums are documented
Computing member relations...
Building full member lists recursively...
Adding members to member groups.
Computing member references...
Inheriting documentation...
Generating disk names...
Adding source references...
Adding xrefitems...
Sorting member lists...
Computing dependencies between directories...
Generating citations page...
Counting data structures...
Resolving user defined references...
Finding anchors and sections in the documentation...
Transferring function references...
Combining using relations...
Adding members to index pages...
Generating style sheet...
Generating search indices...
Generating example documentation...
Generating file sources...
Generating code for file include/algvec.h...
Generating code for file include/coc.h...
Generating code for file include/Config.h...
Generating code for file include/Constants.h...
Generating code for file include/define_env.h...
Generating code for file include/diffcorr.h...
Generating code for file include/eminsem.h...
Generating code for file include/ertbp.h...
Generating code for file include/ftda.h...
Generating code for file include/gnuplot_i.h...
Generating code for file include/gslc.h...
Generating code for file include/init.h...
Generating code for file include/lpdyneq.h...
Generating code for file include/matrix.h...
Generating code for file include/multimin.h...
Generating code for file include/multimin_test.h...
Generating code for file include/nfo2.h...
Generating code for file include/nrutil.h...
Generating code for file include/ode.h...
Generating code for file include/odezero.h...
Generating code for file include/ofs.h...
Generating code for file include/ofts.h...
Generating code for file include/oftsh.h...
Generating code for file include/ots.h...
Generating code for file include/otsh.cpp...
Generating code for file include/otsh.h...
Generating code for file include/parameters.h...
Generating code for file include/pm.h...
Generating code for file include/pmcoc.h...
Generating code for file include/pmode.h...
Generating code for file include/pmt.h...
Generating code for file include/poincare.h...
Generating code for file include/qbcp.h...
Generating code for file include/qbtbp.h...
Generating code for file include/qbtbp_ots.h...
Generating code for file include/tests.h...
Generating code for file include/tfs.h...
Generating code for file include/timec.h...
Generating code for file include/trajectory.h...
Generating code for file main.cpp...
Generating code for file src/algvec.tpp...
Generating code for file src/coc.cpp...
Generating code for file src/Config.cpp...
Generating code for file src/Constants.cpp...
Generating code for file src/cop.cpp...
Generating code for file src/define_env.cpp...
Generating code for file src/diffcorr.cpp...
Generating code for file src/eminsem.cpp...
Generating code for file src/ertbp.cpp...
Generating code for file src/ftda.cpp...
Generating code for file src/ftsh.cpp...
Generating code for file src/ga.cpp...
Generating code for file src/gnuplot_i.c...
Generating code for file src/gslc.cpp...
Generating code for file src/init.cpp...
Generating code for file src/lpdyneq.cpp...
Generating code for file src/matrix.tpp...
Generating code for file src/multimin.c...
Generating code for file src/multimin_test.cpp...
Generating code for file src/nfo2.cpp...
Generating code for file src/nrutil.c...
Generating code for file src/ode.cpp...
Generating code for file src/odezero.cpp...
Generating code for file src/ofs.tpp...
Generating code for file src/ofts.tpp...
Generating code for file src/oftsh.tpp...
Generating code for file src/ots.tpp...
Generating code for file src/otsh.tpp...
Generating code for file src/parameters.cpp...
Generating code for file src/pm.cpp...
Generating code for file src/pmcoc.cpp...
Generating code for file src/pmode.cpp...
Generating code for file src/pmt.cpp...
Generating code for file src/poincare.cpp...
Generating code for file src/qbcp.cpp...
Generating code for file src/qbtbp.cpp...
Generating code for file src/tests.cpp...
Generating code for file src/timec.cpp...
Generating code for file src/trajectory.cpp...
Generating code for file test/ofs_test.cpp...
Generating code for file test/ofs_test.h...
Generating code for file test/ofts_test.cpp...
Generating code for file test/ofts_test.h...
Generating code for file test/oftsh_test.cpp...
Generating code for file test/oftsh_test.h...
Generating file documentation...
Generating docs for file include/coc.h...
Generating caller graph for function applyCOC_OFS
Generating caller graph for function applyInvDotCOC
Generating call graph for function tfts_initCOC
Generating caller graph for function tfts_initCOC
Generating docs for file include/Config.h...
Generating docs for file include/Constants.h...
Generating docs for file include/define_env.h...
Generating caller graph for function changeCOORDSYS
Generating caller graph for function cn
Generating caller graph for function coefRetrieving
Generating caller graph for function energy
Generating caller graph for function init_body
Generating call graph for function init_CR3BP
Generating caller graph for function init_CR3BP
Generating call graph for function init_CSYS
Generating caller graph for function init_CSYS
Generating call graph for function init_libp
Generating caller graph for function init_libp
Generating call graph for function init_QBCP
Generating caller graph for function init_QBCP
Generating call graph for function init_QBCP_L
Generating caller graph for function init_QBCP_L
Generating caller graph for function init_USYS
Generating call graph for function jacobi
Generating caller graph for function SYStoNC_prim
Generating docs for file include/diffcorr.h...
Generating call graph for function differential_correction
Generating caller graph for function differential_correction
Generating call graph for function differential_correction_T
Generating caller graph for function differential_correction_T
Generating docs for file include/eminsem.h...
Generating docs for file include/ertbp.h...
Generating docs for file include/ftda.h...
Generating call graph for function binomial
Generating caller graph for function binomial
Generating caller graph for function gcd_ui
Generating docs for file include/gnuplot_i.h...
Generating caller graph for function gnuplot_close
Generating caller graph for function gnuplot_cmd
Generating caller graph for function gnuplot_fplot_txyz
Generating caller graph for function gnuplot_fplot_xy
Generating call graph for function gnuplot_init
Generating caller graph for function gnuplot_init
Generating call graph for function gnuplot_plot_equation
Generating call graph for function gnuplot_plot_once
Generating call graph for function gnuplot_plot_slope
Generating call graph for function gnuplot_plot_x
Generating caller graph for function gnuplot_plot_x
Generating call graph for function gnuplot_plot_xy
Generating caller graph for function gnuplot_plot_xy
Generating call graph for function gnuplot_plot_xyz
Generating caller graph for function gnuplot_plot_xyz
Generating call graph for function gnuplot_set_xlabel
Generating caller graph for function gnuplot_set_xlabel
Generating call graph for function gnuplot_set_ylabel
Generating caller graph for function gnuplot_set_ylabel
Generating call graph for function gnuplot_set_zlabel
Generating caller graph for function gnuplot_setcolor
Generating caller graph for function gnuplot_setstyle
Generating docs for file include/gslc.h...
Generating call graph for function glsc_matrix_complex_set_J
Generating caller graph for function glsc_matrix_complex_set_J
Generating caller graph for function glsc_matrix_set_J
Generating call graph for function gslc_matrix_complex_symplectic_inverse
Generating docs for file include/init.h...
Generating call graph for function init_env
Generating call graph for function initCM
Generating caller graph for function initCM
Generating call graph for function initCOC
Generating caller graph for function initCOC
Generating caller graph for function readCOC
Generating call graph for function updateCM
Generating caller graph for function updateCM
Generating call graph for function updateCOC
Generating caller graph for function updateCOC
Generating docs for file include/matrix.h...
Generating docs for file include/multimin.h...
Generating docs for file include/multimin_test.h...
Generating docs for file include/nfo2.h...
Generating call graph for function monoDecomp
Generating caller graph for function monoDecomp
Generating caller graph for function monoDiag
Generating call graph for function monoProd
Generating caller graph for function monoProd
Generating call graph for function nfo2
Generating call graph for function nfo2_QBP
Generating call graph for function normS
Generating caller graph for function normS
Generating caller graph for function permutationS
Generating call graph for function stmComplexMatrix
Generating call graph for function stmMatrix
Generating call graph for function stmSteppedComplexMatrix
Generating caller graph for function stmSteppedComplexMatrix
Generating call graph for function stmSteppedComplexMatrix_alt
Generating caller graph for function stmSteppedComplexMatrix_alt
Generating call graph for function updateS
Generating caller graph for function updateS
Generating caller graph for function wielandt_deflation
Generating docs for file include/nrutil.h...
Generating docs for file include/ode.h...
Generating caller graph for function init_ode_structure
Generating docs for file include/odezero.h...
Generating caller graph for function linear_intersection
Generating docs for file include/ofs.h...
Generating call graph for function ofs_sst
Generating caller graph for function ofs_sst
Generating call graph for function operator*
Generating call graph for function operator-
Generating call graph for function operator==
Generating call graph for function smprod_expectedError
Generating caller graph for function smprod_expectedError
Generating call graph for function sprod_expectedError
Generating caller graph for function sprod_expectedError
Generating docs for file include/ofts.h...
Generating docs for file include/oftsh.h...
Generating docs for file include/ots.h...
Generating docs for file include/otsh.h...
Generating docs for file include/parameters.h...
Generating caller graph for function ENorm
Generating docs for file include/pm.h...
Generating call graph for function pm
Generating caller graph for function pm
Generating call graph for function pm_mixedstyle
Generating call graph for function pm_normalform
Generating call graph for function pmTested
Generating docs for file include/pmcoc.h...
Generating call graph for function CCM8toNCbyTFC
Generating caller graph for function CCM8toNCbyTFC
Generating call graph for function CCM8toRVF
Generating caller graph for function CCM8toRVF
Generating call graph for function CCM8toRVF8
Generating caller graph for function CCM8toRVF8
Generating call graph for function CCM8toTFC
Generating call graph for function CCM8toTFC
Generating call graph for function CCMtoNCbyTFC
Generating caller graph for function CCMtoNCbyTFC
Generating call graph for function pmProjTest
Generating call graph for function RCMtoNC
Generating caller graph for function RCMtoNC
Generating call graph for function RCMtoNCbyTFC
Generating caller graph for function RCMtoNCbyTFC
Generating call graph for function RCMtoTF
Generating caller graph for function RCMtoTF
Generating call graph for function RCMtoTFC
Generating caller graph for function RCMtoTFC
Generating call graph for function RCMtoTFC
Generating docs for file include/pmode.h...
Generating call graph for function pmEOvsOrderTest
Generating call graph for function pmErrorvsOrderTest
Generating call graph for function pmOfsOrderTest
Generating call graph for function qbfbp_fh
Generating caller graph for function qbfbp_fh
Generating docs for file include/pmt.h...
Generating call graph for function cohomEq
Generating caller graph for function cohomEq
Generating caller graph for function inVI
Generating caller graph for function nullIndices
Generating call graph for function pmt
Generating call graph for function tfts_initOrderOne
Generating caller graph for function tfts_initOrderOne
Generating docs for file include/poincare.h...
Generating call graph for function argmin_sqdist
Generating call graph for function deltham
Generating caller graph for function deltham
Generating call graph for function dsqdist
Generating caller graph for function dsqdist
Generating call graph for function dual_emap
Generating caller graph for function dual_emap
Generating call graph for function dual_pmap
Generating caller graph for function dual_pmap
Generating call graph for function dual_pmap_stepped
Generating caller graph for function dual_pmap_stepped
Generating call graph for function dual_tmap
Generating call graph for function orbit_compute_pmap
Generating caller graph for function orbit_compute_pmap
Generating call graph for function orbit_ham
Generating caller graph for function orbit_ham
Generating call graph for function orbit_precision_fprint
Generating caller graph for function orbit_precision_fprint
Generating call graph for function pmap_build
Generating call graph for function pmap_energy
Generating call graph for function pmap_energy_3d
Generating call graph for function pmap_invariance_error
Generating call graph for function pmap_invariance_error_random
Generating call graph for function pmap_invariance_error_random
Generating call graph for function pmap_invariance_error_random_planar
Generating call graph for function pmap_precision
Generating call graph for function pmap_test_error
Generating call graph for function single_pmap
Generating caller graph for function single_pmap
Generating call graph for function single_pmap_proj
Generating caller graph for function single_pmap_proj
Generating call graph for function single_tmap
Generating caller graph for function single_tmap
Generating call graph for function single_tmap_tested
Generating call graph for function sqdist
Generating caller graph for function sqdist
Generating call graph for function tmap_build
Generating docs for file include/qbcp.h...
Generating call graph for function qbfbp_H
Generating caller graph for function qbfbp_H
Generating call graph for function qbfbp_Hn
Generating caller graph for function set_vareq_matrix
Generating caller graph for function vf_state
Generating caller graph for function vfn_state
Generating call graph for function vfn_stm
Generating docs for file include/qbtbp.h...
Generating call graph for function qbtbp
Generating caller graph for function qbtbp_derivatives
Generating call graph for function qbtbp_ofs
Generating caller graph for function qbtbp_ofs
Generating call graph for function qbtbp_ofs_fft_alpha
Generating caller graph for function qbtbp_ofs_fft_alpha
Generating call graph for function qbtbp_ofs_fft_delta
Generating caller graph for function qbtbp_ofs_fft_delta
Generating call graph for function qbtbp_ofs_recurrence
Generating caller graph for function qbtbp_ofs_recurrence
Generating call graph for function qbtbp_ofs_storage
Generating caller graph for function qbtbp_ofs_storage
Generating call graph for function qbtbp_test_IN_EM_SEM
Generating caller graph for function qbtbp_test_IN_EM_SEM
Generating call graph for function realft
Generating docs for file include/timec.h...
Generating docs for file main.cpp...
Generating docs for file src/coc.cpp...
Generating call graph for function tfts_initCOC
Generating caller graph for function tfts_initCOC
Generating docs for file src/define_env.cpp...
Generating caller graph for function changeCOORDSYS
Generating caller graph for function cn
Generating caller graph for function coefRetrieving
Generating caller graph for function energy
Generating caller graph for function init_body
Generating call graph for function init_CR3BP
Generating caller graph for function init_CR3BP
Generating call graph for function init_CSYS
Generating caller graph for function init_CSYS
Generating call graph for function init_libp
Generating caller graph for function init_libp
Generating call graph for function init_QBCP
Generating caller graph for function init_QBCP
Generating call graph for function init_QBCP_L
Generating caller graph for function init_QBCP_L
Generating caller graph for function init_USYS
Generating call graph for function jacobi
Generating caller graph for function SYStoNC_prim
Generating docs for file src/diffcorr.cpp...
Generating call graph for function differential_correction
Generating caller graph for function differential_correction
Generating call graph for function differential_correction_T
Generating caller graph for function differential_correction_T
Generating call graph for function ftc_corrvec_mn
Generating caller graph for function ftc_corrvec_mn
Generating caller graph for function ftc_inv_dfls
Generating docs for file src/eminsem.cpp...
Generating docs for file src/ertbp.cpp...
Generating call graph for function eccFFT
Generating caller graph for function eccFFT
Generating docs for file src/ftda.cpp...
Generating call graph for function binomial
Generating caller graph for function binomial
Generating caller graph for function gcd_ui
Generating docs for file src/gnuplot_i.c...
Generating caller graph for function gnuplot_close
Generating caller graph for function gnuplot_cmd
Generating caller graph for function gnuplot_fplot_txyz
Generating caller graph for function gnuplot_fplot_xy
Generating call graph for function gnuplot_init
Generating caller graph for function gnuplot_init
Generating call graph for function gnuplot_plot_atmpfile
Generating caller graph for function gnuplot_plot_atmpfile
Generating call graph for function gnuplot_plot_atmpfile_3d
Generating caller graph for function gnuplot_plot_atmpfile_3d
Generating call graph for function gnuplot_plot_equation
Generating call graph for function gnuplot_plot_once
Generating call graph for function gnuplot_plot_slope
Generating call graph for function gnuplot_plot_x
Generating caller graph for function gnuplot_plot_x
Generating call graph for function gnuplot_plot_xy
Generating caller graph for function gnuplot_plot_xy
Generating call graph for function gnuplot_plot_xyz
Generating caller graph for function gnuplot_plot_xyz
Generating call graph for function gnuplot_set_xlabel
Generating caller graph for function gnuplot_set_xlabel
Generating call graph for function gnuplot_set_ylabel
Generating caller graph for function gnuplot_set_ylabel
Generating call graph for function gnuplot_set_zlabel
Generating caller graph for function gnuplot_setcolor
Generating caller graph for function gnuplot_setstyle
Generating caller graph for function gnuplot_tmpfile
Generating docs for file src/gslc.cpp...
Generating call graph for function glsc_matrix_complex_set_J
Generating caller graph for function glsc_matrix_complex_set_J
Generating caller graph for function glsc_matrix_set_J
Generating call graph for function gslc_matrix_complex_symplectic_inverse
Generating docs for file src/init.cpp...
Generating call graph for function init_env
Generating call graph for function initCM
Generating caller graph for function initCM
Generating call graph for function initCOC
Generating caller graph for function initCOC
Generating caller graph for function readCOC
Generating call graph for function updateCM
Generating caller graph for function updateCM
Generating call graph for function updateCOC
Generating caller graph for function updateCOC
Generating docs for file src/lpdyneq.cpp...
Generating call graph for function compute_dyn_eq_lib_point
Generating call graph for function continuation_dyn_eq_lib_point
Generating call graph for function continuation_res_orbit
Generating call graph for function lpdyneq
Generating caller graph for function lpdyneq
Generating call graph for function lpdyneq_cont
Generating call graph for function lpdyneq_cont_2
Generating caller graph for function lpdyneq_cont_2
Generating caller graph for function lpdyneq_patch_points
Generating call graph for function periodicity_condition
Generating caller graph for function periodicity_condition
Generating call graph for function res_orbit_cont
Generating caller graph for function res_orbit_cont
Generating docs for file src/matrix.tpp...
Generating docs for file src/nfo2.cpp...
Generating call graph for function monoDecomp
Generating caller graph for function monoDecomp
Generating caller graph for function monoDiag
Generating call graph for function monoProd
Generating caller graph for function monoProd
Generating call graph for function nfo2
Generating call graph for function nfo2_QBP
Generating call graph for function normS
Generating caller graph for function normS
Generating caller graph for function permutationS
Generating call graph for function stmComplexMatrix
Generating call graph for function stmMatrix
Generating call graph for function stmSteppedComplexMatrix
Generating caller graph for function stmSteppedComplexMatrix
Generating call graph for function stmSteppedComplexMatrix_alt
Generating caller graph for function stmSteppedComplexMatrix_alt
Generating call graph for function updateS
Generating caller graph for function updateS
Generating docs for file src/ode.cpp...
Generating caller graph for function init_ode_structure
Generating docs for file src/odezero.cpp...
Generating caller graph for function linear_intersection
Generating docs for file src/ofs.tpp...
Generating call graph for function ofs_sst
Generating caller graph for function ofs_sst
Generating call graph for function operator*
Generating call graph for function operator-
Generating call graph for function operator==
Generating call graph for function smprod_expectedError
Generating caller graph for function smprod_expectedError
Generating call graph for function sprod_expectedError
Generating caller graph for function sprod_expectedError
Generating docs for file src/ofts.tpp...
Generating call graph for function fromOFTStoOFTS_bin
Generating caller graph for function fromOFTStoOFTS_bin
Generating call graph for function fromVOFTStoVOFTS_bin
Generating caller graph for function fromVOFTStoVOFTS_bin
Generating docs for file src/oftsh.tpp...
Generating docs for file src/ots.tpp...
Generating docs for file src/otsh.tpp...
Generating docs for file src/pm.cpp...
Generating call graph for function pm
Generating caller graph for function pm
Generating call graph for function pm_mixedstyle
Generating call graph for function pm_normalform
Generating call graph for function pmTested
Generating docs for file src/pmcoc.cpp...
Generating call graph for function CCM8toNCbyTFC
Generating caller graph for function CCM8toNCbyTFC
Generating call graph for function CCM8toRVF
Generating caller graph for function CCM8toRVF
Generating call graph for function CCM8toRVF8
Generating caller graph for function CCM8toRVF8
Generating call graph for function CCM8toTFC
Generating call graph for function CCM8toTFC
Generating call graph for function CCMtoNCbyTFC
Generating caller graph for function CCMtoNCbyTFC
Generating call graph for function CCMtoTFC
Generating caller graph for function CCMtoTFC
Generating call graph for function CCMtoTFC
Generating call graph for function pmProjTest
Generating call graph for function RCMtoNC
Generating caller graph for function RCMtoNC
Generating call graph for function RCMtoNCbyTFC
Generating caller graph for function RCMtoNCbyTFC
Generating call graph for function RCMtoTF
Generating caller graph for function RCMtoTF
Generating call graph for function RCMtoTFC
Generating caller graph for function RCMtoTFC
Generating call graph for function RCMtoTFC
Generating docs for file src/pmode.cpp...
Generating call graph for function pmEOvsOrderTest
Generating call graph for function pmErrorvsOrderTest
Generating call graph for function pmOfsOrderTest
Generating call graph for function qbfbp_fh
Generating caller graph for function qbfbp_fh
Generating docs for file src/pmt.cpp...
Generating call graph for function cohomEq
Generating caller graph for function cohomEq
Generating caller graph for function inVI
Generating caller graph for function nullIndices
Generating call graph for function pmt
Generating call graph for function tfts_initOrderOne
Generating caller graph for function tfts_initOrderOne
Generating docs for file src/poincare.cpp...
Generating call graph for function argmin_sqdist
Generating call graph for function deltham
Generating caller graph for function deltham
Generating call graph for function dsqdist
Generating caller graph for function dsqdist
Generating call graph for function dual_emap
Generating caller graph for function dual_emap
Generating call graph for function dual_pmap
Generating caller graph for function dual_pmap
Generating call graph for function dual_pmap_stepped
Generating caller graph for function dual_pmap_stepped
Generating call graph for function dual_pmap_stepped_plot
Generating call graph for function dual_tmap
Generating caller graph for function header_fprint_bin
Generating call graph for function orbit_compute_pmap
Generating caller graph for function orbit_compute_pmap
Generating call graph for function orbit_ham
Generating caller graph for function orbit_ham
Generating call graph for function orbit_pmap_fprint_bin
Generating caller graph for function orbit_pmap_fprint_bin
Generating call graph for function orbit_precision_fprint
Generating caller graph for function orbit_precision_fprint
Generating call graph for function pmap_build
Generating call graph for function pmap_energy
Generating call graph for function pmap_energy_3d
Generating call graph for function pmap_invariance_error
Generating call graph for function pmap_invariance_error_random
Generating call graph for function pmap_invariance_error_random
Generating call graph for function pmap_invariance_error_random_planar
Generating call graph for function pmap_precision
Generating call graph for function pmap_test_error
Generating call graph for function single_pmap
Generating caller graph for function single_pmap
Generating call graph for function single_pmap_plot
Generating call graph for function single_pmap_proj
Generating caller graph for function single_pmap_proj
Generating call graph for function single_tmap
Generating caller graph for function single_tmap
Generating call graph for function single_tmap_tested
Generating call graph for function sqdist
Generating caller graph for function sqdist
Generating call graph for function tmap_build
Generating caller graph for function update_s0
Generating docs for file src/qbcp.cpp...
Generating call graph for function qbfbp_H
Generating caller graph for function qbfbp_H
Generating call graph for function qbfbp_Hn
Generating caller graph for function set_vareq_matrix
Generating caller graph for function vf_state
Generating caller graph for function vfn_state
Generating call graph for function vfn_stm
Generating docs for file src/qbtbp.cpp...
Generating call graph for function qbtbp
Generating caller graph for function qbtbp_derivatives
Generating call graph for function qbtbp_ofs
Generating caller graph for function qbtbp_ofs
Generating call graph for function qbtbp_ofs_fft_alpha
Generating caller graph for function qbtbp_ofs_fft_alpha
Generating call graph for function qbtbp_ofs_fft_delta
Generating caller graph for function qbtbp_ofs_fft_delta
Generating call graph for function qbtbp_ofs_fft_unpack
Generating caller graph for function qbtbp_ofs_fft_unpack
Generating call graph for function qbtbp_ofs_recurrence
Generating caller graph for function qbtbp_ofs_recurrence
Generating call graph for function qbtbp_ofs_storage
Generating caller graph for function qbtbp_ofs_storage
Generating call graph for function qbtbp_test_IN_EM_SEM
Generating caller graph for function qbtbp_test_IN_EM_SEM
Generating call graph for function realft
Generating docs for file src/timec.cpp...
Generating docs for file test/ofs_test.cpp...
Generating call graph for function ofs_test_dot
Generating caller graph for function ofs_test_dot
Generating call graph for function ofs_test_mprod
Generating caller graph for function ofs_test_mprod
Generating call graph for function ofs_test_smprod
Generating caller graph for function ofs_test_smprod
Generating docs for file test/ofs_test.h...
Generating call graph for function ofs_test_dot
Generating caller graph for function ofs_test_dot
Generating call graph for function ofs_test_mprod
Generating caller graph for function ofs_test_mprod
Generating call graph for function ofs_test_smprod
Generating caller graph for function ofs_test_smprod
Generating docs for file test/ofts_test.cpp...
Generating docs for file test/ofts_test.h...
Generating docs for file test/oftsh_test.cpp...
Generating call graph for function oftsh_test_conjugate
Generating caller graph for function oftsh_test_conjugate
Generating call graph for function oftsh_test_dot
Generating caller graph for function oftsh_test_dot
Generating call graph for function oftsh_test_smult_u
Generating caller graph for function oftsh_test_smult_u
Generating docs for file test/oftsh_test.h...
Generating call graph for function oftsh_test_conjugate
Generating caller graph for function oftsh_test_conjugate
Generating call graph for function oftsh_test_dot
Generating caller graph for function oftsh_test_dot
Generating call graph for function oftsh_test_smult_u
Generating caller graph for function oftsh_test_smult_u
Generating page documentation...
Generating group documentation...
Generating class documentation...
Generating docs for compound Body...
Generating docs for compound COC...
Generating docs for compound Config...
Generating docs for compound CR3BP...
Generating docs for compound Csts...
Generating docs for compound CSYS...
Generating docs for compound FTDA...
Generating caller graph for function FTDA::prxkt
Generating docs for compound gnuplot_ctrl...
Generating docs for compound LibrationPoint...
Generating docs for compound matrix...
Generating docs for compound OdeParams...
Generating docs for compound OdeStruct...
Generating docs for nested compound OdeStruct::A...
Generating docs for compound Ofs...
Generating caller graph for function Ofs::addCoef
Generating caller graph for function Ofs::ccopy
Generating caller graph for function Ofs::conjugate
Generating caller graph for function Ofs::dot
Generating call graph for function Ofs::evaluate
Generating call graph for function Ofs::evaluate
Generating call graph for function Ofs::evaluatedot
Generating call graph for function Ofs::evaluatedot
Generating caller graph for function Ofs::getOrder
Generating caller graph for function Ofs::isEqual
Generating caller graph for function Ofs::l1norm
Generating call graph for function Ofs::ofs_epspow
Generating caller graph for function Ofs::ofs_epspow
Generating caller graph for function Ofs::ofs_fsum
Generating caller graph for function Ofs::ofs_getCoef
Generating caller graph for function Ofs::ofs_mprod
Generating caller graph for function Ofs::ofs_mult
Generating caller graph for function Ofs::ofs_prod
Generating caller graph for function Ofs::ofs_smprod
Generating call graph for function Ofs::ofs_smprod_t
Generating caller graph for function Ofs::ofs_smprod_t
Generating caller graph for function Ofs::ofs_smult
Generating call graph for function Ofs::ofs_smult
Generating caller graph for function Ofs::ofs_sprod
Generating caller graph for function Ofs::setCoef
Generating caller graph for function Ofs::ts2fs
Generating docs for compound Ofts...
Generating call graph for function Ofts::Ofts
Generating call graph for function Ofts::Ofts
Generating call graph for function Ofts::ccopy
Generating caller graph for function Ofts::ccopy
Generating call graph for function Ofts::ccopy
Generating caller graph for function Ofts::der
Generating call graph for function Ofts::getCoef
Generating caller graph for function Ofts::getCoef
Generating caller graph for function Ofts::getCOrder
Generating caller graph for function Ofts::getCVariables
Generating caller graph for function Ofts::getNV
Generating caller graph for function Ofts::getOrder
Generating caller graph for function Ofts::getTerm
Generating caller graph for function Ofts::ofts_sfsum_t
Generating caller graph for function Ofts::ofts_smprod_t
Generating call graph for function Ofts::ofts_smprod_u
Generating caller graph for function Ofts::ofts_smprod_u
Generating call graph for function Ofts::ofts_smprod_u
Generating caller graph for function Ofts::ofts_smult_t
Generating caller graph for function Ofts::ofts_smult_tu
Generating caller graph for function Ofts::ofts_smult_u
Generating caller graph for function Ofts::ofts_sprod
Generating call graph for function Ofts::operator=
Generating call graph for function Ofts::setAllCoefs
Generating caller graph for function Ofts::setCoef
Generating caller graph for function Ofts::setCoef0
Generating caller graph for function Ofts::tfts_smult_t
Generating caller graph for function Ofts::tfts_sprod
Generating caller graph for function Ofts::tfts_sprod_zero
Generating docs for compound Oftsh...
Generating call graph for function Oftsh::Oftsh
Generating call graph for function Oftsh::addCoef
Generating call graph for function Oftsh::ccopy
Generating call graph for function Oftsh::derh
Generating caller graph for function Oftsh::derh
Generating call graph for function Oftsh::dot
Generating caller graph for function Oftsh::dot
Generating call graph for function Oftsh::evaluate
Generating caller graph for function Oftsh::evaluate
Generating call graph for function Oftsh::getCoef
Generating caller graph for function Oftsh::getCoef
Generating caller graph for function Oftsh::getNV
Generating caller graph for function Oftsh::getOrder
Generating caller graph for function Oftsh::getTerm
Generating call graph for function Oftsh::l1norm
Generating call graph for function Oftsh::linkCoefs
Generating caller graph for function Oftsh::linkCoefs
Generating call graph for function Oftsh::oftsh_mult_t
Generating caller graph for function Oftsh::oftsh_mult_t
Generating call graph for function Oftsh::oftsh_smprod_t
Generating caller graph for function Oftsh::oftsh_smprod_t
Generating call graph for function Oftsh::oftsh_smprod_u
Generating caller graph for function Oftsh::oftsh_smprod_u
Generating call graph for function Oftsh::oftsh_smprod_u
Generating call graph for function Oftsh::oftsh_smproddiv_tu
Generating caller graph for function Oftsh::oftsh_smproddiv_tu
Generating call graph for function Oftsh::oftsh_smult_t
Generating caller graph for function Oftsh::oftsh_smult_t
Generating call graph for function Oftsh::oftsh_smult_tu
Generating caller graph for function Oftsh::oftsh_smult_tu
Generating call graph for function Oftsh::oftsh_smult_tu
Generating call graph for function Oftsh::oftsh_smult_u
Generating caller graph for function Oftsh::oftsh_smult_u
Generating call graph for function Oftsh::oftsh_smult_u
Generating call graph for function Oftsh::oftsh_smultdiv_ttu
Generating caller graph for function Oftsh::oftsh_smultdiv_ttu
Generating call graph for function Oftsh::oftsh_sprod
Generating caller graph for function Oftsh::oftsh_sprod
Generating call graph for function Oftsh::operator=
Generating call graph for function Oftsh::sderh
Generating caller graph for function Oftsh::sderh
Generating call graph for function Oftsh::setCoef
Generating call graph for function Oftsh::setSubCoef
Generating call graph for function Oftsh::setSubCoef
Generating call graph for function Oftsh::sevaluate
Generating call graph for function Oftsh::sprimh
Generating caller graph for function Oftsh::sprimh
Generating call graph for function Oftsh::tfts_derh
Generating caller graph for function Oftsh::tfts_derh
Generating call graph for function Oftsh::tfts_sderh
Generating caller graph for function Oftsh::tfts_sderh
Generating call graph for function Oftsh::tftsh_smprod_tu
Generating caller graph for function Oftsh::tftsh_smprod_tu
Generating docs for compound Orbit...
Generating docs for compound Ots...
Generating docs for compound Otsh...
Generating docs for compound Pmap...
Generating docs for compound QBCP...
Generating docs for compound QBCP_I...
Generating docs for compound QBCP_L...
Generating docs for compound RVF...
Generating docs for compound TFS...
Generating docs for compound USYS...
Generating docs for compound value_function...
Generating docs for compound value_output...
Generating docs for compound value_params...
Generating docs for compound vector...
Generating caller graph for function vector::dot
Generating caller graph for function vector::getCoef
Generating namespace index...
Generating graph info page...
Generating directory documentation...
Generating dependency graph for directory include
Generating dependency graph for directory src
Generating dependency graph for directory test
Generating bitmaps for formulas in HTML...
Generating index page...
Generating page index...
Generating module index...
Generating namespace index...
Generating namespace member index...
Generating annotated compound index...
Generating alphabetical compound index...
Generating hierarchical class index...
Generating graphical class hierarchy...
Generating member index...
Generating file index...
Generating file member index...
Generating example index...
finalizing index lists...
Running dot...
lookup cache used 3062/65536 hits=71053 misses=3187
finished...
